Build started 12/17/2014 10:46:45 AM.
     1>Project "C:\Users\Miguel\documents\visual studio 2010\Projects\Iniguez_Miguel_SeparatingAxes\SeparatingAxes\SeparatingAxes.vcxproj" on node 2 (build target(s)).
     1>InitializeBuildStatus:
         Creating "Debug\SeparatingAxes.unsuccessfulbuild" because "AlwaysCreate" was specified.
       ClCompile:
         c:\Program Files (x86)\Microsoft Visual Studio 10.0\VC\bin\CL.exe /c /IC:\Users\Miguel\Local\include /ZI /nologo /W3 /WX- /Od /Oy- /D _MBCS /Gm /EHsc /RTC1 /MDd /GS /fp:precise /Zc:wchar_t /Zc:forScope /Fo"Debug\\" /Fd"Debug\vc100.pdb" /Gd /TP /analyze- /errorReport:prompt sepaxes.cpp
         sepaxes.cpp
     1>c:\users\miguel\documents\visual studio 2010\projects\iniguez_miguel_separatingaxes\separatingaxes\sepaxes.cpp(183): warning C4244: '=' : conversion from 'double' to 'float', possible loss of data
     1>c:\users\miguel\documents\visual studio 2010\projects\iniguez_miguel_separatingaxes\separatingaxes\sepaxes.cpp(194): warning C4244: '=' : conversion from 'double' to 'float', possible loss of data
     1>c:\users\miguel\documents\visual studio 2010\projects\iniguez_miguel_separatingaxes\separatingaxes\sepaxes.cpp(239): warning C4065: switch statement contains 'default' but no 'case' labels
     1>c:\users\miguel\documents\visual studio 2010\projects\iniguez_miguel_separatingaxes\separatingaxes\sepaxes.cpp(317): warning C4244: 'argument' : conversion from 'time_t' to 'unsigned int', possible loss of data
       Link:
         c:\Program Files (x86)\Microsoft Visual Studio 10.0\VC\bin\link.exe /ERRORREPORT:PROMPT /OUT:"C:\Users\Miguel\documents\visual studio 2010\Projects\Iniguez_Miguel_SeparatingAxes\Debug\SeparatingAxes.exe" /NOLOGO /LIBPATH:C:\Users\Miguel\Local\lib opengl32.lib glu32.lib glew32.lib freeglut.lib kernel32.lib user32.lib gdi32.lib winspool.lib comdlg32.lib advapi32.lib shell32.lib ole32.lib oleaut32.lib uuid.lib odbc32.lib odbccp32.lib /MANIFEST /ManifestFile:"Debug\SeparatingAxes.exe.intermediate.manifest" /MANIFESTUAC:"level='asInvoker' uiAccess='false'" /DEBUG /PDB:"C:\Users\Miguel\documents\visual studio 2010\Projects\Iniguez_Miguel_SeparatingAxes\Debug\SeparatingAxes.pdb" /TLBID:1 /DYNAMICBASE /NXCOMPAT /IMPLIB:"C:\Users\Miguel\documents\visual studio 2010\Projects\Iniguez_Miguel_SeparatingAxes\Debug\SeparatingAxes.lib" /MACHINE:X86 Debug\sepaxes.obj
         LINK : C:\Users\Miguel\documents\visual studio 2010\Projects\Iniguez_Miguel_SeparatingAxes\Debug\SeparatingAxes.exe not found or not built by the last incremental link; performing full link
         SeparatingAxes.vcxproj -> C:\Users\Miguel\documents\visual studio 2010\Projects\Iniguez_Miguel_SeparatingAxes\Debug\SeparatingAxes.exe
       Manifest:
         C:\Program Files (x86)\Microsoft SDKs\Windows\v7.0A\bin\mt.exe /nologo /verbose /outputresource:"C:\Users\Miguel\documents\visual studio 2010\Projects\Iniguez_Miguel_SeparatingAxes\Debug\SeparatingAxes.exe;#1" /manifest Debug\SeparatingAxes.exe.intermediate.manifest
       FinalizeBuildStatus:
         Deleting file "Debug\SeparatingAxes.unsuccessfulbuild".
         Touching "Debug\SeparatingAxes.lastbuildstate".
     1>Done Building Project "C:\Users\Miguel\documents\visual studio 2010\Projects\Iniguez_Miguel_SeparatingAxes\SeparatingAxes\SeparatingAxes.vcxproj" (build target(s)).

Build succeeded.

Time Elapsed 00:00:00.76
